This is pdfTeX, Version 3.14159265-2.6-1.40.16 (TeX Live 2015/Debian) (preloaded format=pdflatex 2017.1.7)  9 APR 2017 11:55
entering extended mode
 restricted \write18 enabled.
 file:line:error style messages enabled.
 %&-line parsing enabled.
**\nonstopmode\nofiles\PassOptionsToPackage{active,tightpage,auctex}{preview}\A
tBeginDocument{\ifx\ifPreview\undefined\RequirePackage[displaymath,floats,graph
ics,textmath,sections,footnotes]{preview}[2004/11/05]\fi} \input _region_.tex
(./_region_.tex  !name(mylatexfile.tex)
(/usr/share/texlive/texmf-dist/tex/latex/base/article.cls
Document Class: article 2014/09/29 v1.4h Standard LaTeX document class
(/usr/share/texlive/texmf-dist/tex/latex/base/size10.clo
File: size10.clo 2014/09/29 v1.4h Standard LaTeX file (size option)
)
\c@part=\count79
\c@section=\count80
\c@subsection=\count81
\c@subsubsection=\count82
\c@paragraph=\count83
\c@subparagraph=\count84
\c@figure=\count85
\c@table=\count86
\abovecaptionskip=\skip41
\belowcaptionskip=\skip42
\bibindent=\dimen102
)
No file _region_.aux.
LaTeX Font Info:    Checking defaults for OML/cmm/m/it on input line 5.
LaTeX Font Info:    ... okay on input line 5.
LaTeX Font Info:    Checking defaults for T1/cmr/m/n on input line 5.
LaTeX Font Info:    ... okay on input line 5.
LaTeX Font Info:    Checking defaults for OT1/cmr/m/n on input line 5.
LaTeX Font Info:    ... okay on input line 5.
LaTeX Font Info:    Checking defaults for OMS/cmsy/m/n on input line 5.
LaTeX Font Info:    ... okay on input line 5.
LaTeX Font Info:    Checking defaults for OMX/cmex/m/n on input line 5.
LaTeX Font Info:    ... okay on input line 5.
LaTeX Font Info:    Checking defaults for U/cmr/m/n on input line 5.
LaTeX Font Info:    ... okay on input line 5.
(/home/jayshah/.emacs.d/elpa/auctex-11.90.0/latex/preview.sty
Package: preview 2010/02/14 11.90 (AUCTeX/preview-latex)

(/home/jayshah/.emacs.d/elpa/auctex-11.90.0/latex/prtightpage.def
\PreviewBorder=\dimen103
)
(/home/jayshah/.emacs.d/elpa/auctex-11.90.0/latex/prauctex.def
No auxiliary output files.


\hbadness=\count87
\hfuzz=\dimen104
(/home/jayshah/.emacs.d/elpa/auctex-11.90.0/latex/prauctex.cfg))
(/home/jayshah/.emacs.d/elpa/auctex-11.90.0/latex/prfootnotes.def)
\pr@snippet=\count88
\pr@box=\box26
\pr@output=\toks14

Preview: Fontsize 10pt
Preview: PDFoutput 1
)  !name(mylatexfile.tex) !offset(-3) 
LaTeX Font Info:    Try loading font information for OMS+cmr on input line 12.

(/usr/share/texlive/texmf-dist/tex/latex/base/omscmr.fd
File: omscmr.fd 2014/09/29 v2.5h Standard LaTeX font definitions
)
LaTeX Font Info:    Font shape `OMS/cmr/m/n' in size <10> not available
(Font)              Font shape `OMS/cmsy/m/n' tried instead on input line 12.
 ) 
Here is how much of TeX's memory you used:
 383 strings out of 494953
 4768 string characters out of 6180978
 50399 words of memory out of 5000000
 3740 multiletter control sequences out of 15000+600000
 3640 words of font info for 14 fonts, out of 8000000 for 9000
 14 hyphenation exceptions out of 8191
 23i,4n,24p,372b,147s stack positions out of 5000i,500n,10000p,200000b,80000s

No pages of output.
PDF statistics:
 0 PDF objects out of 1000 (max. 8388607)
 0 named destinations out of 1000 (max. 500000)
 1 words of extra memory for PDF output out of 10000 (max. 10000000)

